  GameObject.cpp
C:\Users\776638\Downloads\cpp-factory-method-master\cpp-factory-method-master\c++ inheritance\GameObject.cpp(7,33): warning C4244: 'argument': conversion from 'int' to 'float', possible loss of data
C:\Users\776638\Downloads\cpp-factory-method-master\cpp-factory-method-master\c++ inheritance\GameObject.cpp(7,27): warning C4244: 'argument': conversion from 'int' to 'float', possible loss of data
C:\Users\776638\Downloads\cpp-factory-method-master\cpp-factory-method-master\c++ inheritance\GameObject.cpp(12,43): warning C4244: 'argument': conversion from 'int' to 'float', possible loss of data
C:\Users\776638\Downloads\cpp-factory-method-master\cpp-factory-method-master\c++ inheritance\GameObject.cpp(12,32): warning C4244: 'argument': conversion from 'int' to 'float', possible loss of data
C:\Users\776638\Downloads\cpp-factory-method-master\cpp-factory-method-master\c++ inheritance\GameObject.cpp(20,31): warning C4244: 'argument': conversion from 'int' to 'float', possible loss of data
C:\Users\776638\Downloads\cpp-factory-method-master\cpp-factory-method-master\c++ inheritance\GameObject.cpp(20,25): warning C4244: 'argument': conversion from 'int' to 'float', possible loss of data
C:\Users\776638\Downloads\cpp-factory-method-master\cpp-factory-method-master\c++ inheritance\GameObject.cpp(25,29): warning C4244: 'argument': conversion from 'int' to 'float', possible loss of data
C:\Users\776638\Downloads\cpp-factory-method-master\cpp-factory-method-master\c++ inheritance\GameObject.cpp(25,23): warning C4244: 'argument': conversion from 'int' to 'float', possible loss of data
C:\Users\776638\Downloads\cpp-factory-method-master\cpp-factory-method-master\c++ inheritance\GameObject.cpp(30,40): warning C4244: 'argument': conversion from 'int' to 'float', possible loss of data
C:\Users\776638\Downloads\cpp-factory-method-master\cpp-factory-method-master\c++ inheritance\GameObject.cpp(30,30): warning C4244: 'argument': conversion from 'int' to 'float', possible loss of data
C:\Users\776638\Downloads\cpp-factory-method-master\cpp-factory-method-master\c++ inheritance\GameObject.cpp(35,42): warning C4244: 'argument': conversion from 'int' to 'float', possible loss of data
C:\Users\776638\Downloads\cpp-factory-method-master\cpp-factory-method-master\c++ inheritance\GameObject.cpp(35,30): warning C4244: 'argument': conversion from 'int' to 'float', possible loss of data
C:\Users\776638\Downloads\cpp-factory-method-master\cpp-factory-method-master\c++ inheritance\GameObject.cpp(40,42): warning C4244: 'argument': conversion from 'int' to 'float', possible loss of data
C:\Users\776638\Downloads\cpp-factory-method-master\cpp-factory-method-master\c++ inheritance\GameObject.cpp(40,32): warning C4244: 'argument': conversion from 'int' to 'float', possible loss of data
C:\Users\776638\Downloads\cpp-factory-method-master\cpp-factory-method-master\c++ inheritance\GameObject.cpp(46,43): warning C4244: 'argument': conversion from 'int' to 'float', possible loss of data
C:\Users\776638\Downloads\cpp-factory-method-master\cpp-factory-method-master\c++ inheritance\GameObject.cpp(46,32): warning C4244: 'argument': conversion from 'int' to 'float', possible loss of data
C:\Users\776638\Downloads\cpp-factory-method-master\cpp-factory-method-master\c++ inheritance\GameObject.cpp(52,44): warning C4244: 'argument': conversion from 'int' to 'float', possible loss of data
C:\Users\776638\Downloads\cpp-factory-method-master\cpp-factory-method-master\c++ inheritance\GameObject.cpp(52,32): warning C4244: 'argument': conversion from 'int' to 'float', possible loss of data
  Source.cpp
C:\Users\776638\Downloads\cpp-factory-method-master\cpp-factory-method-master\c++ inheritance\Source.cpp(8,15): warning C4244: 'argument': conversion from 'time_t' to 'unsigned int', possible loss of data
  Generating Code...
  c++ inheritance.vcxproj -> C:\Users\776638\Downloads\cpp-factory-method-master\cpp-factory-method-master\x64\Debug\c++ inheritance.exe
